# JRE version: Java(TM) SE Runtime Environment (8.0_112-b15) (build 1.8.0_112-b15)
# Java VM: Java HotSpot(TM) 64-Bit Server VM (25.112-b15 mixed mode windows-amd64 compressed oops)
Heap:
 PSYoungGen      total 52224K, used 24493K [0x00000007bc400000, 0x00000007c0000000, 0x00000007c0000000)
  eden space 43520K, 53% used [0x00000007bc400000,0x00000007bda991d0,0x00000007bee80000)
  from space 8704K, 15% used [0x00000007bee80000,0x00000007befd2380,0x00000007bf700000)
  to   space 8192K, 0% used [0x00000007bf800000,0x00000007bf800000,0x00000007c0000000)
 ParOldGen       total 171008K, used 82858K [0x0000000700000000, 0x000000070a700000, 0x00000007bc400000)
  object space 171008K, 48% used [0x0000000700000000,0x00000007050eaa48,0x000000070a700000)
 Metaspace       used 71482K, capacity 72233K, committed 72960K, reserved 1112064K
  class space    used 10558K, capacity 10696K, committed 10752K, reserved 1048576K
GC Heap History (10 events):
Event: 256.018 GC heap before
{Heap before GC invocations=86 (full 7):
 PSYoungGen      total 50176K, used 39432K [0x00000007bc400000, 0x00000007c0000000, 0x00000007c0000000)
  eden space 38400K, 100% used [0x00000007bc400000,0x00000007be980000,0x00000007be980000)
  from space 11776K, 8% used [0x00000007bf480000,0x00000007bf582380,0x00000007c0000000)
  to   space 11264K, 0% used [0x00000007be980000,0x00000007be980000,0x00000007bf480000)
 ParOldGen       total 171008K, used 82834K [0x0000000700000000, 0x000000070a700000, 0x00000007bc400000)
  object space 171008K, 48% used [0x0000000700000000,0x00000007050e49f0,0x000000070a700000)
 Metaspace       used 71242K, capacity 71913K, committed 72704K, reserved 1112064K
  class space    used 10558K, capacity 10696K, committed 10752K, reserved 1048576K
Event: 256.022 GC heap after
Heap after GC invocations=86 (full 7):
 PSYoungGen      total 49664K, used 1307K [0x00000007bc400000, 0x00000007c0000000, 0x00000007c0000000)
  eden space 38400K, 0% used [0x00000007bc400000,0x00000007bc400000,0x00000007be980000)
  from space 11264K, 11% used [0x00000007be980000,0x00000007beac6c68,0x00000007bf480000)
  to   space 10240K, 0% used [0x00000007bf600000,0x00000007bf600000,0x00000007c0000000)
 ParOldGen       total 171008K, used 82842K [0x0000000700000000, 0x000000070a700000, 0x00000007bc400000)
  object space 171008K, 48% used [0x0000000700000000,0x00000007050e69f0,0x000000070a700000)
 Metaspace       used 71242K, capacity 71913K, committed 72704K, reserved 1112064K
  class space    used 10558K, capacity 10696K, committed 10752K, reserved 1048576K
}
Event: 257.975 GC heap before
{Heap before GC invocations=87 (full 7):
 PSYoungGen      total 49664K, used 39707K [0x00000007bc400000, 0x00000007c0000000, 0x00000007c0000000)
  eden space 38400K, 100% used [0x00000007bc400000,0x00000007be980000,0x00000007be980000)
  from space 11264K, 11% used [0x00000007be980000,0x00000007beac6c68,0x00000007bf480000)
  to   space 10240K, 0% used [0x00000007bf600000,0x00000007bf600000,0x00000007c0000000)
 ParOldGen       total 171008K, used 82842K [0x0000000700000000, 0x000000070a700000, 0x00000007bc400000)
  object space 171008K, 48% used [0x0000000700000000,0x00000007050e69f0,0x000000070a700000)
 Metaspace       used 71366K, capacity 72105K, committed 72704K, reserved 1112064K
  class space    used 10558K, capacity 10696K, committed 10752K, reserved 1048576K
Event: 257.979 GC heap after
Heap after GC invocations=87 (full 7):
 PSYoungGen      total 51712K, used 1667K [0x00000007bc400000, 0x00000007c0000000, 0x00000007c0000000)
  eden space 41472K, 0% used [0x00000007bc400000,0x00000007bc400000,0x00000007bec80000)
  from space 10240K, 16% used [0x00000007bf600000,0x00000007bf7a0c78,0x00000007c0000000)
  to   space 9728K, 0% used [0x00000007bec80000,0x00000007bec80000,0x00000007bf600000)
 ParOldGen       total 171008K, used 82850K [0x0000000700000000, 0x000000070a700000, 0x00000007bc400000)
  object space 171008K, 48% used [0x0000000700000000,0x00000007050e89f0,0x000000070a700000)
 Metaspace       used 71366K, capacity 72105K, committed 72704K, reserved 1112064K
  class space    used 10558K, capacity 10696K, committed 10752K, reserved 1048576K
}
Event: 261.115 GC heap before
{Heap before GC invocations=88 (full 7):
 PSYoungGen      total 51712K, used 43139K [0x00000007bc400000, 0x00000007c0000000, 0x00000007c0000000)
  eden space 41472K, 100% used [0x00000007bc400000,0x00000007bec80000,0x00000007bec80000)
  from space 10240K, 16% used [0x00000007bf600000,0x00000007bf7a0c78,0x00000007c0000000)
  to   space 9728K, 0% used [0x00000007bec80000,0x00000007bec80000,0x00000007bf600000)
 ParOldGen       total 171008K, used 82850K [0x0000000700000000, 0x000000070a700000, 0x00000007bc400000)
  object space 171008K, 48% used [0x0000000700000000,0x00000007050e89f0,0x000000070a700000)
 Metaspace       used 71396K, capacity 72105K, committed 72704K, reserved 1112064K
  class space    used 10558K, capacity 10696K, committed 10752K, reserved 1048576K
Event: 261.119 GC heap after
Heap after GC invocations=88 (full 7):
 PSYoungGen      total 51200K, used 1352K [0x00000007bc400000, 0x00000007c0000000, 0x00000007c0000000)
  eden space 41472K, 0% used [0x00000007bc400000,0x00000007bc400000,0x00000007bec80000)
  from space 9728K, 13% used [0x00000007bec80000,0x00000007bedd2380,0x00000007bf600000)
  to   space 9216K, 0% used [0x00000007bf700000,0x00000007bf700000,0x00000007c0000000)
 ParOldGen       total 171008K, used 82858K [0x0000000700000000, 0x000000070a700000, 0x00000007bc400000)
  object space 171008K, 48% used [0x0000000700000000,0x00000007050ea9f0,0x000000070a700000)
 Metaspace       used 71396K, capacity 72105K, committed 72704K, reserved 1112064K
  class space    used 10558K, capacity 10696K, committed 10752K, reserved 1048576K
}
Event: 271.873 GC heap before
{Heap before GC invocations=89 (full 7):
 PSYoungGen      total 51200K, used 42824K [0x00000007bc400000, 0x00000007c0000000, 0x00000007c0000000)
  eden space 41472K, 100% used [0x00000007bc400000,0x00000007bec80000,0x00000007bec80000)
  from space 9728K, 13% used [0x00000007bec80000,0x00000007bedd2380,0x00000007bf600000)
  to   space 9216K, 0% used [0x00000007bf700000,0x00000007bf700000,0x00000007c0000000)
 ParOldGen       total 171008K, used 82858K [0x0000000700000000, 0x000000070a700000, 0x00000007bc400000)
  object space 171008K, 48% used [0x0000000700000000,0x00000007050ea9f0,0x000000070a700000)
 Metaspace       used 71419K, capacity 72105K, committed 72704K, reserved 1112064K
  class space    used 10558K, capacity 10696K, committed 10752K, reserved 1048576K
Event: 271.877 GC heap after
Heap after GC invocations=89 (full 7):
 PSYoungGen      total 52736K, used 1512K [0x00000007bc400000, 0x00000007c0000000, 0x00000007c0000000)
  eden space 43520K, 0% used [0x00000007bc400000,0x00000007bc400000,0x00000007bee80000)
  from space 9216K, 16% used [0x00000007bf700000,0x00000007bf87a380,0x00000007c0000000)
  to   space 8704K, 0% used [0x00000007bee80000,0x00000007bee80000,0x00000007bf700000)
 ParOldGen       total 171008K, used 82858K [0x0000000700000000, 0x000000070a700000, 0x00000007bc400000)
  object space 171008K, 48% used [0x0000000700000000,0x00000007050ea9f0,0x000000070a700000)
 Metaspace       used 71419K, capacity 72105K, committed 72704K, reserved 1112064K
  class space    used 10558K, capacity 10696K, committed 10752K, reserved 1048576K
}
Event: 273.969 GC heap before
{Heap before GC invocations=90 (full 7):
 PSYoungGen      total 52736K, used 45032K [0x00000007bc400000, 0x00000007c0000000, 0x00000007c0000000)
  eden space 43520K, 100% used [0x00000007bc400000,0x00000007bee80000,0x00000007bee80000)
  from space 9216K, 16% used [0x00000007bf700000,0x00000007bf87a380,0x00000007c0000000)
  to   space 8704K, 0% used [0x00000007bee80000,0x00000007bee80000,0x00000007bf700000)
 ParOldGen       total 171008K, used 82858K [0x0000000700000000, 0x000000070a700000, 0x00000007bc400000)
  object space 171008K, 48% used [0x0000000700000000,0x00000007050eaa48,0x000000070a700000)
 Metaspace       used 71436K, capacity 72169K, committed 72960K, reserved 1112064K
  class space    used 10558K, capacity 10696K, committed 10752K, reserved 1048576K
Event: 273.973 GC heap after
Heap after GC invocations=90 (full 7):
 PSYoungGen      total 52224K, used 1352K [0x00000007bc400000, 0x00000007c0000000, 0x00000007c0000000)
  eden space 43520K, 0% used [0x00000007bc400000,0x00000007bc400000,0x00000007bee80000)
  from space 8704K, 15% used [0x00000007bee80000,0x00000007befd2380,0x00000007bf700000)
  to   space 8192K, 0% used [0x00000007bf800000,0x00000007bf800000,0x00000007c0000000)
 ParOldGen       total 171008K, used 82858K [0x0000000700000000, 0x000000070a700000, 0x00000007bc400000)
  object space 171008K, 48% used [0x0000000700000000,0x00000007050eaa48,0x000000070a700000)
 Metaspace       used 71436K, capacity 72169K, committed 72960K, reserved 1112064K
  class space    used 10558K, capacity 10696K, committed 10752K, reserved 1048576K
}

